<?xml version="1.0" encoding="UTF-8"?>
<!-- Generated by org.testng.reporters.JUnitReportReporter -->
<testsuite hostname="DESKTOP-NLAA32R" failures="0" tests="1" name="BrowserChromeTest" time="2.311" errors="0" timestamp="2024-03-02T15:31:56 AEDT" skipped="0">
  <testcase classname="BrowserChromeTest" name="TestBrowser" time="2.311"/>
  <system-out/>
</testsuite> <!-- BrowserChromeTest -->
