<?xml version="1.0" encoding="UTF-8"?>
<!-- Generated by org.testng.reporters.JUnitReportReporter -->
<testsuite hostname="DESKTOP-NLAA32R" failures="0" tests="1" name="BrowserChromeTest" time="2.045" errors="0" timestamp="2024-03-18T12:32:22 AEDT" skipped="0">
  <testcase classname="BrowserChromeTest" name="TestBrowser" time="2.045"/>
  <system-out/>
</testsuite> <!-- BrowserChromeTest -->
